<?xml version="1.0" encoding="UTF-8"?>
<!-- Generated by org.testng.reporters.JUnitReportReporter -->
<testsuite hostname="Ahmads-Laptop" failures="0" tests="2" name="test.UserProfileTests" time="0.009" errors="0" timestamp="2024-11-02T23:36:14 PKT" skipped="0">
  <testcase classname="test.UserProfileTests" name="testGetProfile" time="0.003"/>
  <system-out/>
  <testcase classname="test.UserProfileTests" name="testUpdateProfile" time="0.006"/>
  <system-out/>
</testsuite> <!-- test.UserProfileTests -->
