<?xml version="1.0" encoding="UTF-8"?>
<!-- Generated by org.testng.reporters.JUnitReportReporter -->
<testsuite hostname="Ahmads-Laptop" failures="0" tests="2" name="test.AccountManagerTests" time="0.050" errors="0" timestamp="2024-11-02T23:36:14 PKT" skipped="0">
  <testcase classname="test.AccountManagerTests" name="testUpdateBalance" time="0.007"/>
  <system-out/>
  <testcase classname="test.AccountManagerTests" name="testCreateAccount" time="0.043"/>
  <system-out/>
</testsuite> <!-- test.AccountManagerTests -->
