<?xml version="1.0" encoding="UTF-8"?>
<!-- Generated by org.testng.reporters.JUnitReportReporter -->
<testsuite hostname="Ahmads-Laptop" failures="0" tests="3" name="test.MonthlyReportGeneratorTests" time="0.020" errors="0" timestamp="2024-11-02T23:36:14 PKT" skipped="0">
  <testcase classname="test.MonthlyReportGeneratorTests" name="testGenerateMonthlyReport" time="0.016"/>
  <system-out/>
  <testcase classname="test.MonthlyReportGeneratorTests" name="testExportReport" time="0.003"/>
  <system-out/>
  <testcase classname="test.MonthlyReportGeneratorTests" name="testGenerateMonthlyReport" time="0.001"/>
  <system-out/>
</testsuite> <!-- test.MonthlyReportGeneratorTests -->
