<?xml version="1.0" encoding="UTF-8"?>
<!-- Generated by org.testng.reporters.JUnitReportReporter -->
<testsuite hostname="Ahmads-Laptop" failures="0" tests="3" name="test.TransactionManagerTests" time="0.020" errors="0" timestamp="2024-11-02T23:36:14 PKT" skipped="0">
  <testcase classname="test.TransactionManagerTests" name="testProcessTransaction" time="0.016"/>
  <system-out/>
  <testcase classname="test.TransactionManagerTests" name="testProcessTransaction" time="0.002"/>
  <system-out/>
  <testcase classname="test.TransactionManagerTests" name="testRevertTransaction" time="0.002"/>
  <system-out/>
</testsuite> <!-- test.TransactionManagerTests -->
