<?xml version="1.0" encoding="UTF-8"?>
<!-- Generated by org.testng.reporters.JUnitReportReporter -->
<testsuite hostname="Ahmads-Laptop" failures="0" tests="2" name="test.AuditLogTests" time="0.009" errors="0" timestamp="2024-11-02T23:36:14 PKT" skipped="0">
  <testcase classname="test.AuditLogTests" name="testAddLogEntry" time="0.005"/>
  <system-out/>
  <testcase classname="test.AuditLogTests" name="testRetrieveLogs" time="0.004"/>
  <system-out/>
</testsuite> <!-- test.AuditLogTests -->
